'Kodak': {
        'bpp': [0.00904, 0.04414, 0.08053, 0.10023],
        'psnr': [19.57616, 22.80512, 24.24424, 24.57038],
        'ms-ssim': [0.63229, 0.82146, 0.87070, 0.87929],
        'lpips': [0.24010, 0.12141, 0.09113, 0.08643],
        'dists': [0.13975, 0.07318, 0.05540, 0.05004],
        'fid': [119.40, 46.96, 34.95, 33.48],
    },

'CLIC_2020': {
        'bpp': [0.00763, 0.03564, 0.07212, 0.09728],
        'psnr': [22.19339, 26.04442, 27.62059, 27.98349],
        'ms-ssim': [0.75125, 0.88349, 0.91680, 0.92323],
        'lpips': [0.17575, 0.09386, 0.06985, 0.06545],
        'dists': [0.09862, 0.04916, 0.03432, 0.02906],
        'fid': [10.95, 3.78, 2.66, 2.10],
    },

'DIV2K': {
        'bpp': [0.00877, 0.04624, 0.08418, 0.10728],
        'psnr': [22.19339, 26.04442, 27.62059, 27.98349],
        'ms-ssim': [0.66125, 0.85504, 0.89587, 0.90300],
        'lpips': [0.22104, 0.11268, 0.08613, 0.08198],
        'dists': [0.10953, 0.05260, 0.03867, 0.03328],
        'fid': [25.10, 8.55, 6.52, 5.74],
    },